Removed Pin From Net: NetName=DIR41 Pin=RPI-8
Removed Pin From Net: NetName=PWM41 Pin=RPI-10
Removed Pin From Net: NetName=DIR42 Pin=RPI-12
Removed Pin From Net: NetName=PWM42 Pin=RPI-16
Removed Pin From Net: NetName=DIR11 Pin=RPI-18
Removed Pin From Net: NetName=PWM11 Pin=RPI-22
Removed Pin From Net: NetName=DIR121 Pin=RPI-24
Removed Pin From Net: NetName=PWM121 Pin=RPI-26
Removed Pin From Net: NetName=PWM32 Pin=RPI-31
Removed Pin From Net: NetName=DIR21 Pin=RPI-32
Removed Pin From Net: NetName=DIR32 Pin=RPI-33
Removed Pin From Net: NetName=PWM31 Pin=RPI-35
Removed Pin From Net: NetName=PWM21 Pin=RPI-36
Removed Pin From Net: NetName=DIR31 Pin=RPI-37
Removed Pin From Net: NetName=DIR22 Pin=RPI-38
Removed Pin From Net: NetName=PWM22 Pin=RPI-40
Added Pin To Net: NetName=PWM42 Pin=RPI-8
Added Pin To Net: NetName=DIR42 Pin=RPI-10
Added Pin To Net: NetName=PWM41 Pin=RPI-12
Added Pin To Net: NetName=DIR41 Pin=RPI-16
Added Pin To Net: NetName=PWM121 Pin=RPI-18
Added Pin To Net: NetName=DIR121 Pin=RPI-22
Added Pin To Net: NetName=PWM11 Pin=RPI-24
Added Pin To Net: NetName=DIR11 Pin=RPI-26
Added Pin To Net: NetName=DIR31 Pin=RPI-31
Added Pin To Net: NetName=PWM22 Pin=RPI-32
Added Pin To Net: NetName=PWM31 Pin=RPI-33
Added Pin To Net: NetName=DIR32 Pin=RPI-35
Added Pin To Net: NetName=DIR22 Pin=RPI-36
Added Pin To Net: NetName=PWM32 Pin=RPI-37
Added Pin To Net: NetName=PWM21 Pin=RPI-38
Added Pin To Net: NetName=DIR21 Pin=RPI-40
Change Rule Name: Old Name=MaxMinWidth_2 New Name=MaxMinWidth_1
