Removed Pin From Net: NetName=5V Pin=5V-1
Removed Pin From Net: NetName=5V Pin=5V-2
Removed Pin From Net: NetName=5V Pin=5V-3
Removed Pin From Net: NetName=5V Pin=5V-4
Removed Pin From Net: NetName=5V Pin=5V-5
Removed Pin From Net: NetName=5V Pin=5V-6
Removed Pin From Net: NetName=5V Pin=5V-7
Removed Pin From Net: NetName=5V Pin=5V-8
Removed Pin From Net: NetName=5V Pin=5V-9
Removed Pin From Net: NetName=GND Pin=GND-1
Removed Pin From Net: NetName=GND Pin=GND-2
Removed Pin From Net: NetName=GND Pin=GND-3
Removed Pin From Net: NetName=GND Pin=GND-4
Removed Pin From Net: NetName=GND Pin=GND-5
Removed Pin From Net: NetName=GND Pin=GND-6
Removed Pin From Net: NetName=GND Pin=GND-7
Removed Pin From Net: NetName=GND Pin=GND-8
Removed Pin From Net: NetName=GND Pin=GND-9
Removed Member From Class: ClassName=Sheet1 Member=5V
Removed Member From Class: ClassName=Sheet1 Member=GND
Added Component: Designator=5V1(HDR1X5)
Add component (AddParameter): Name = "LatestRevisionDate"; Value = "17-Jul-2002"; VariantName = "[No Variations]"
Add component (AddParameter): Name = "LatestRevisionNote"; Value = "Re-released for DXP Platform."; VariantName = "[No Variations]"
Add component (AddParameter): Name = "Publisher"; Value = "Altium Limited"; VariantName = "[No Variations]"
Added Component: Designator=5V2(HDR1X5)
Add component (AddParameter): Name = "LatestRevisionDate"; Value = "17-Jul-2002"; VariantName = "[No Variations]"
Add component (AddParameter): Name = "LatestRevisionNote"; Value = "Re-released for DXP Platform."; VariantName = "[No Variations]"
Add component (AddParameter): Name = "Publisher"; Value = "Altium Limited"; VariantName = "[No Variations]"
Added Component: Designator=GND1(HDR1X5)
Add component (AddParameter): Name = "LatestRevisionDate"; Value = "17-Jul-2002"; VariantName = "[No Variations]"
Add component (AddParameter): Name = "LatestRevisionNote"; Value = "Re-released for DXP Platform."; VariantName = "[No Variations]"
Add component (AddParameter): Name = "Publisher"; Value = "Altium Limited"; VariantName = "[No Variations]"
Added Component: Designator=GND2(HDR1X5)
Add component (AddParameter): Name = "LatestRevisionDate"; Value = "17-Jul-2002"; VariantName = "[No Variations]"
Add component (AddParameter): Name = "LatestRevisionNote"; Value = "Re-released for DXP Platform."; VariantName = "[No Variations]"
Add component (AddParameter): Name = "Publisher"; Value = "Altium Limited"; VariantName = "[No Variations]"
Added Pin To Net: NetName=5V Pin=5V1-1
Added Pin To Net: NetName=5V Pin=5V1-2
Added Pin To Net: NetName=5V Pin=5V1-3
Added Pin To Net: NetName=5V Pin=5V1-4
Added Pin To Net: NetName=5V Pin=5V1-5
Added Pin To Net: NetName=5V Pin=5V2-1
Added Pin To Net: NetName=5V Pin=5V2-2
Added Pin To Net: NetName=5V Pin=5V2-3
Added Pin To Net: NetName=5V Pin=5V2-4
Added Pin To Net: NetName=5V Pin=5V2-5
Added Pin To Net: NetName=GND Pin=GND1-1
Added Pin To Net: NetName=GND Pin=GND1-2
Added Pin To Net: NetName=GND Pin=GND1-3
Added Pin To Net: NetName=GND Pin=GND1-4
Added Pin To Net: NetName=GND Pin=GND1-5
Added Pin To Net: NetName=GND Pin=GND2-1
Added Pin To Net: NetName=GND Pin=GND2-2
Added Pin To Net: NetName=GND Pin=GND2-3
Added Pin To Net: NetName=GND Pin=GND2-4
Added Pin To Net: NetName=GND Pin=GND2-5
Added Member To Class: ClassName=Sheet1 Member=Component 5V1 Header 5
Added Member To Class: ClassName=Sheet1 Member=Component 5V2 Header 5
Added Member To Class: ClassName=Sheet1 Member=Component GND1 Header 5
Added Member To Class: ClassName=Sheet1 Member=Component GND2 Header 5
