Added Component: Designator=3V3(HDR1X5)
Add component (AddParameter): Name = "LatestRevisionDate"; Value = "17-Jul-2002"; VariantName = "[No Variations]"
Add component (AddParameter): Name = "LatestRevisionNote"; Value = "Re-released for DXP Platform."; VariantName = "[No Variations]"
Add component (AddParameter): Name = "Publisher"; Value = "Altium Limited"; VariantName = "[No Variations]"
Added Component: Designator=5V(HDR1X9)
Add component (AddParameter): Name = "LatestRevisionDate"; Value = "17-Jul-2002"; VariantName = "[No Variations]"
Add component (AddParameter): Name = "LatestRevisionNote"; Value = "Re-released for DXP Platform."; VariantName = "[No Variations]"
Add component (AddParameter): Name = "Publisher"; Value = "Altium Limited"; VariantName = "[No Variations]"
Added Component: Designator=ARDUINO(ARDUINO_A000067)
Add component (AddParameter): Name = "Availability"; Value = "In Stock"; VariantName = "[No Variations]"
Add component (AddParameter): Name = "Check_prices"; Value = "https://www.snapeda.com/parts/A000067/Arduino/view-part/?ref=eda"; VariantName = "[No Variations]"
Add component (AddParameter): Name = "MF"; Value = "Arduino"; VariantName = "[No Variations]"
Add component (AddParameter): Name = "MP"; Value = "A000067"; VariantName = "[No Variations]"
Add component (AddParameter): Name = "Package"; Value = "Non-Standard Arduino"; VariantName = "[No Variations]"
Add component (AddParameter): Name = "Price"; Value = "None"; VariantName = "[No Variations]"
Add component (AddParameter): Name = "Purchase-URL"; Value = "https://pricing.snapeda.com/search?q=A000067&ref=eda"; VariantName = "[No Variations]"
Add component (AddParameter): Name = "SnapEDA_Link"; Value = "https://www.snapeda.com/parts/A000067/Arduino/view-part/?ref=snap"; VariantName = "[No Variations]"
Add component (AddParameter): Name = "Value"; Value = ""; VariantName = "[No Variations]"
Added Component: Designator=GND(HDR1X9)
Add component (AddParameter): Name = "LatestRevisionDate"; Value = "17-Jul-2002"; VariantName = "[No Variations]"
Add component (AddParameter): Name = "LatestRevisionNote"; Value = "Re-released for DXP Platform."; VariantName = "[No Variations]"
Add component (AddParameter): Name = "Publisher"; Value = "Altium Limited"; VariantName = "[No Variations]"
Added Component: Designator=M1(HDR1X5)
Add component (AddParameter): Name = "LatestRevisionDate"; Value = "17-Jul-2002"; VariantName = "[No Variations]"
Add component (AddParameter): Name = "LatestRevisionNote"; Value = "Re-released for DXP Platform."; VariantName = "[No Variations]"
Add component (AddParameter): Name = "Publisher"; Value = "Altium Limited"; VariantName = "[No Variations]"
Added Component: Designator=M2(HDR1X5)
Add component (AddParameter): Name = "LatestRevisionDate"; Value = "17-Jul-2002"; VariantName = "[No Variations]"
Add component (AddParameter): Name = "LatestRevisionNote"; Value = "Re-released for DXP Platform."; VariantName = "[No Variations]"
Add component (AddParameter): Name = "Publisher"; Value = "Altium Limited"; VariantName = "[No Variations]"
Added Component: Designator=M3(HDR1X5)
Add component (AddParameter): Name = "LatestRevisionDate"; Value = "17-Jul-2002"; VariantName = "[No Variations]"
Add component (AddParameter): Name = "LatestRevisionNote"; Value = "Re-released for DXP Platform."; VariantName = "[No Variations]"
Add component (AddParameter): Name = "Publisher"; Value = "Altium Limited"; VariantName = "[No Variations]"
Added Component: Designator=M4(HDR1X5)
Add component (AddParameter): Name = "LatestRevisionDate"; Value = "17-Jul-2002"; VariantName = "[No Variations]"
Add component (AddParameter): Name = "LatestRevisionNote"; Value = "Re-released for DXP Platform."; VariantName = "[No Variations]"
Add component (AddParameter): Name = "Publisher"; Value = "Altium Limited"; VariantName = "[No Variations]"
Added Component: Designator=RPI(MODULE_RASPBERRY_PI_3_MODEL_B+)
Add component (AddParameter): Name = "Availability"; Value = "In Stock"; VariantName = "[No Variations]"
Add component (AddParameter): Name = "Check_prices"; Value = "https://www.snapeda.com/parts/RASPBERRY%20PI%203%20MODEL%20B+/Raspberry+Pi/view-part/?ref=eda"; VariantName = "[No Variations]"
Add component (AddParameter): Name = "MF"; Value = "Raspberry Pi"; VariantName = "[No Variations]"
Add component (AddParameter): Name = "MP"; Value = "RASPBERRY PI 3 MODEL B+"; VariantName = "[No Variations]"
Add component (AddParameter): Name = "Package"; Value = "Raspberry Pi"; VariantName = "[No Variations]"
Add component (AddParameter): Name = "Price"; Value = "None"; VariantName = "[No Variations]"
Add component (AddParameter): Name = "Purchase-URL"; Value = "https://pricing.snapeda.com/search/part/RASPBERRY PI 3 MODEL B+/?ref=eda"; VariantName = "[No Variations]"
Add component (AddParameter): Name = "SnapEDA_Link"; Value = "https://www.snapeda.com/parts/RASPBERRY%20PI%203%20MODEL%20B+/Raspberry+Pi/view-part/?ref=snap"; VariantName = "[No Variations]"
Add component (AddParameter): Name = "Value"; Value = ""; VariantName = "[No Variations]"
Added Pin To Net: NetName=3v3 Pin=3V3-1
Added Pin To Net: NetName=3v3 Pin=3V3-2
Added Pin To Net: NetName=3v3 Pin=3V3-3
Added Pin To Net: NetName=3v3 Pin=3V3-4
Added Pin To Net: NetName=3v3 Pin=3V3-5
Added Pin To Net: NetName=3v3 Pin=RPI-1
Added Pin To Net: NetName=3v3 Pin=RPI-17
Added Net: Name=3v3
Added Pin To Net: NetName=5V Pin=5V-1
Added Pin To Net: NetName=5V Pin=5V-2
Added Pin To Net: NetName=5V Pin=5V-3
Added Pin To Net: NetName=5V Pin=5V-4
Added Pin To Net: NetName=5V Pin=5V-5
Added Pin To Net: NetName=5V Pin=5V-6
Added Pin To Net: NetName=5V Pin=5V-7
Added Pin To Net: NetName=5V Pin=5V-8
Added Pin To Net: NetName=5V Pin=5V-9
Added Pin To Net: NetName=5V Pin=ARDUINO-VIN
Added Pin To Net: NetName=5V Pin=RPI-2
Added Pin To Net: NetName=5V Pin=RPI-4
Added Net: Name=5V
Added Pin To Net: NetName=DIR11 Pin=M1-1
Added Pin To Net: NetName=DIR11 Pin=RPI-8
Added Net: Name=DIR11
Added Pin To Net: NetName=DIR21 Pin=M1-3
Added Pin To Net: NetName=DIR21 Pin=M2-1
Added Pin To Net: NetName=DIR21 Pin=RPI-12
Added Pin To Net: NetName=DIR21 Pin=RPI-18
Added Net: Name=DIR21
Added Pin To Net: NetName=DIR22 Pin=M2-3
Added Pin To Net: NetName=DIR22 Pin=RPI-24
Added Net: Name=DIR22
Added Pin To Net: NetName=DIR31 Pin=M3-1
Added Pin To Net: NetName=DIR31 Pin=RPI-11
Added Net: Name=DIR31
Added Pin To Net: NetName=DIR32 Pin=M3-3
Added Pin To Net: NetName=DIR32 Pin=RPI-15
Added Net: Name=DIR32
Added Pin To Net: NetName=DIR41 Pin=M4-1
Added Pin To Net: NetName=DIR41 Pin=RPI-31
Added Net: Name=DIR41
Added Pin To Net: NetName=DIR42 Pin=M4-3
Added Pin To Net: NetName=DIR42 Pin=RPI-35
Added Net: Name=DIR42
Added Pin To Net: NetName=GND Pin=ARDUINO-GND1
Added Pin To Net: NetName=GND Pin=ARDUINO-GND2
Added Pin To Net: NetName=GND Pin=ARDUINO-GND3
Added Pin To Net: NetName=GND Pin=ARDUINO-GND4
Added Pin To Net: NetName=GND Pin=ARDUINO-GND5
Added Pin To Net: NetName=GND Pin=GND-1
Added Pin To Net: NetName=GND Pin=GND-2
Added Pin To Net: NetName=GND Pin=GND-3
Added Pin To Net: NetName=GND Pin=GND-4
Added Pin To Net: NetName=GND Pin=GND-5
Added Pin To Net: NetName=GND Pin=GND-6
Added Pin To Net: NetName=GND Pin=GND-7
Added Pin To Net: NetName=GND Pin=GND-8
Added Pin To Net: NetName=GND Pin=GND-9
Added Pin To Net: NetName=GND Pin=M1-5
Added Pin To Net: NetName=GND Pin=M2-5
Added Pin To Net: NetName=GND Pin=M3-5
Added Pin To Net: NetName=GND Pin=M4-5
Added Pin To Net: NetName=GND Pin=RPI-6
Added Pin To Net: NetName=GND Pin=RPI-9
Added Pin To Net: NetName=GND Pin=RPI-14
Added Pin To Net: NetName=GND Pin=RPI-20
Added Pin To Net: NetName=GND Pin=RPI-25
Added Pin To Net: NetName=GND Pin=RPI-30
Added Pin To Net: NetName=GND Pin=RPI-34
Added Pin To Net: NetName=GND Pin=RPI-39
Added Net: Name=GND
Added Pin To Net: NetName=PWM11 Pin=M1-2
Added Pin To Net: NetName=PWM11 Pin=RPI-10
Added Net: Name=PWM11
Added Pin To Net: NetName=PWM21 Pin=M1-4
Added Pin To Net: NetName=PWM21 Pin=M2-2
Added Pin To Net: NetName=PWM21 Pin=RPI-16
Added Pin To Net: NetName=PWM21 Pin=RPI-22
Added Net: Name=PWM21
Added Pin To Net: NetName=PWM22 Pin=M2-4
Added Pin To Net: NetName=PWM22 Pin=RPI-26
Added Net: Name=PWM22
Added Pin To Net: NetName=PWM31 Pin=M3-2
Added Pin To Net: NetName=PWM31 Pin=RPI-13
Added Net: Name=PWM31
Added Pin To Net: NetName=PWM32 Pin=M3-4
Added Pin To Net: NetName=PWM32 Pin=RPI-19
Added Net: Name=PWM32
Added Pin To Net: NetName=PWM41 Pin=M4-2
Added Pin To Net: NetName=PWM41 Pin=RPI-33
Added Net: Name=PWM41
Added Pin To Net: NetName=PWM42 Pin=M4-4
Added Pin To Net: NetName=PWM42 Pin=RPI-37
Added Net: Name=PWM42
Added Pin To Net: NetName=SCL Pin=ARDUINO-SCL
Added Pin To Net: NetName=SCL Pin=RPI-5
Added Net: Name=SCL
Added Pin To Net: NetName=SDA Pin=ARDUINO-SDA
Added Pin To Net: NetName=SDA Pin=RPI-3
Added Net: Name=SDA
Added Class: Name=Sheet1
