Added Component: Designator=I2C(HDR1X2)
Add component (AddParameter): Name = "LatestRevisionDate"; Value = "17-Jul-2002"; VariantName = "[No Variations]"
Add component (AddParameter): Name = "LatestRevisionNote"; Value = "Re-released for DXP Platform."; VariantName = "[No Variations]"
Add component (AddParameter): Name = "Publisher"; Value = "Altium Limited"; VariantName = "[No Variations]"
Added Component: Designator=RPI_CONN2(HDR1X4H)
Add component (AddParameter): Name = "LatestRevisionDate"; Value = "17-Jul-2002"; VariantName = "[No Variations]"
Add component (AddParameter): Name = "LatestRevisionNote"; Value = "Re-released for DXP Platform."; VariantName = "[No Variations]"
Add component (AddParameter): Name = "Publisher"; Value = "Altium Limited"; VariantName = "[No Variations]"
Added Component: Designator=RPI_CONN(HDR1X6H)
Add component (AddParameter): Name = "LatestRevisionDate"; Value = "17-Jul-2002"; VariantName = "[No Variations]"
Add component (AddParameter): Name = "LatestRevisionNote"; Value = "Re-released for DXP Platform."; VariantName = "[No Variations]"
Add component (AddParameter): Name = "Publisher"; Value = "Altium Limited"; VariantName = "[No Variations]"
Added Pin To Net: NetName=SDA Pin=I2C-1
Added Pin To Net: NetName=SCL Pin=I2C-2
Added Pin To Net: NetName=PIN7 Pin=RPI-7
Added Pin To Net: NetName=PIN7 Pin=RPI_CONN2-1
Added Net: Name=PIN7
Added Pin To Net: NetName=PIN21 Pin=RPI-21
Added Pin To Net: NetName=PIN21 Pin=RPI_CONN2-2
Added Net: Name=PIN21
Added Pin To Net: NetName=PIN23 Pin=RPI-23
Added Pin To Net: NetName=PIN23 Pin=RPI_CONN2-3
Added Net: Name=PIN23
Added Pin To Net: NetName=PIN29 Pin=RPI-29
Added Pin To Net: NetName=PIN29 Pin=RPI_CONN2-4
Added Net: Name=PIN29
Added Pin To Net: NetName=PIN32 Pin=RPI-32
Added Pin To Net: NetName=PIN32 Pin=RPI_CONN-3
Added Net: Name=PIN32
Added Pin To Net: NetName=PIN36 Pin=RPI-36
Added Pin To Net: NetName=PIN36 Pin=RPI_CONN-4
Added Net: Name=PIN36
Added Pin To Net: NetName=PIN38 Pin=RPI-38
Added Pin To Net: NetName=PIN38 Pin=RPI_CONN-5
Added Net: Name=PIN38
Added Pin To Net: NetName=PIN40 Pin=RPI-40
Added Pin To Net: NetName=PIN40 Pin=RPI_CONN-6
Added Net: Name=PIN40
Added Member To Class: ClassName=Sheet1 Member=Component I2C Header 2
Added Member To Class: ClassName=Sheet1 Member=Component RPI_CONN2 Header 4H
Added Member To Class: ClassName=Sheet1 Member=Component RPI_CONN Header 6H
